make.exe all --print-data-base --no-builtin-variables --no-builtin-rules --question
# GNU Make 3.81
# Copyright (C) 2006  Free Software Foundation, Inc.
# This is free software; see the source for copying conditions.
# There is NO warranty; not even for MERCHANTABILITY or FITNESS FOR A
# PARTICULAR PURPOSE.

# This program built for i386-pc-mingw32
 

# Make data base, printed on Fri Sep 13 14:19:23 2024

# Variables

# automatic
<D = $(patsubst %/,%,$(dir $<))
# automatic
?F = $(notdir $?)
# environment
VSCODE_CRASH_REPORTER_PROCESS_TYPE = extensionHost
# makefile
MAKEFLAGS = Rrqp
# automatic
?D = $(patsubst %/,%,$(dir $?))
# automatic
@D = $(patsubst %/,%,$(dir $@))
# environment
HOMEDRIVE = C:
# automatic
@F = $(notdir $@)
# automatic
^D = $(patsubst %/,%,$(dir $^))
# makefile
CURDIR := c:/Users/aruna/Desktop/assign1_storage_manager
# default
SHELL := sh.exe
# environment
WINDIR = C:\Windows
# environment
VSCODE_NLS_CONFIG = {"userLocale":"en-us","osLocale":"en-us","resolvedLanguage":"en","defaultMessagesFile":"C:\\Users\\aruna\\AppData\\Local\\Programs\\Microsoft VS Code\\resources\\app\\out\\nls.messages.json","locale":"en-us","availableLanguages":{}}
# makefile (from `makefile', line 2)
CFLAGS = -Wall -g
# environment
ONEDRIVE = C:\Users\aruna\OneDrive
# environment
PATHEXT = .COM;.EXE;.BAT;.CMD;.VBS;.VBE;.JS;.JSE;.WSF;.WSH;.MSC
# makefile (from `makefile', line 1)
MAKEFILE_LIST :=  makefile
# environment
TMP = C:\Users\aruna\AppData\Local\Temp
# environment
PROGRAMW6432 = C:\Program Files
# environment
PROGRAMDATA = C:\ProgramData
# environment
VSCODE_CWD = C:\Users\aruna\AppData\Local\Programs\Microsoft VS Code
# environment
PATH = C:\Program Files\Oculus\Support\oculus-runtime;C:\Program Files (x86)\Razer Chroma SDK\bin;C:\Program Files\Razer Chroma SDK\bin;C:\Program Files (x86)\Razer\ChromaBroadcast\bin;C:\Program Files\Razer\ChromaBroadcast\bin;C:\Windows\system32;C:\Windows;C:\Windows\System32\Wbem;C:\Windows\System32\WindowsPowerShell\v1.0\;C:\Windows\System32\OpenSSH\;C:\Program Files\dotnet\;C:\Program Files (x86)\NVIDIA Corporation\PhysX\Common;C:\Program Files\NVIDIA Corporation\NVIDIA NvDLISR;C:\Program Files\Git\cmd;C:\Program Files\Docker\Docker\resources\bin;C:\Users\aruna\AppData\Local\Programs\Python\Launcher\;C:\Users\aruna\AppData\Local\Microsoft\WindowsApps;C:\Program Files\Wireshark;C:\Program Files (x86)\GnuWin32\bin;C:\Program Files (x86)\GnuWin32\src;C:\Users\aruna\AppData\Local\Programs\Microsoft VS Code\bin;C:\Windows\system32\config\systemprofile\AppData\Local\Microsoft\WindowsApps;C:\Program Files (x86)\Scripts\;C:\Program Files (x86)\;C:\Users\aruna\AppData\Local\Programs\Python\Launcher\;C:\Users\aruna\AppData\Local\Microsoft\WindowsApps;C:\Program Files\Wireshark;C:\Program Files (x86)\GnuWin32\bin;C:\Program Files (x86)\GnuWin32\src;C:\Users\aruna\AppData\Local\Programs\Microsoft VS Code\bin;C:\Program Files (x86)\MongoDB  
Atlas CLI\;C:\Users\aruna\AppData\Roaming\TinyTeX\bin\windows;C:\MinGW\bin;C:\Program Files (x86)\GnuWin32\bin;
# environment
COMMONPROGRAMW6432 = C:\Program Files\Common Files
# environment
ZES_ENABLE_SYSMAN = 1
# environment
PROCESSOR_ARCHITECTURE = x86
# environment
USERPROFILE = C:\Users\aruna
# environment
ALLUSERSPROFILE = C:\ProgramData
# environment
NUMBER_OF_PROCESSORS = 32
# environment
ELECTRON_RUN_AS_NODE = 1
# default
.FEATURES := target-specific order-only second-expansion else-if archives
# environment
OCULUSBASE = C:\Program Files\Oculus\
# automatic
%F = $(notdir $%)
# environment
CHROME_CRASHPAD_PIPE_NAME = \\.\pipe\crashpad_27992_AJBASPNYAQDUUPDY
# environment
IGCCSVC_DB = AQAAANCMnd8BFdERjHoAwE/Cl+sBAAAAr+Zq6R5kSUqze4qQNmdMmAQAAAACAAAAAAAQZgAAAAEAACAAAADOaqx+qSbKb7yIt1yekpPPg9KZubKHaJ7+xhEmQHVZnQAAAAAOgAAAAAIAACAAAACcBvBlIi4C1tS7zQq8EKHbGbxCTDhFJVTrl1Xq4cF3aGAAAADITEZMFpj9mlBDRX/i+zJxVlOaNjlYOoHEhDHqJkvIqzdLlgE6MBMN+plQWqQf/mADNCb/VhNNTqjJx3iJEWflvef9bi8lyJgbt2JRqC2G4V75S83HumY/45MjgupY3ONAAAAArq/0yh4FV9mknvfnzT3yH9ESt21anRFrNHIuwLvLzJGgvBxg9NH52WZoU4O9+vRhy4lHKhgmdlozmWwjBvGyJQ==
# environment
COMPUTERNAME = ARUN18ALIEN
# environment
PROGRAMFILES = C:\Program Files (x86)
# environment
DRIVERDATA = C:\Windows\System32\Drivers\DriverData
# environment
ORIGINAL_XDG_CURRENT_DESKTOP = undefined
# environment
USERNAME = aruna
# environment
PUBLIC = C:\Users\Public
# environment
VSCODE_AMD_ENTRYPOINT = vs/workbench/api/node/extensionHostProcess
# environment
VSCODE_CODE_CACHE_PATH = C:\Users\aruna\AppData\Roaming\Code\CachedData\38c31bc77e0dd6ae88a4e9cc93428cc27a56ba40
# environment
APPLICATION_INSIGHTS_NO_DIAGNOSTIC_CHANNEL = true
# environment
COMMONPROGRAMFILES = C:\Program Files (x86)\Common Files
# environment
LOGONSERVER = \\ARUN18ALIEN
# environment
OPENSSL_CONF = C:\Program Files\PostgreSQL\psqlODBC\etc\openssl.cnf
# makefile (from `makefile', line 5)
tfiles = $(totalfiles:.c=.o)
# environment
ONEDRIVECONSUMER = C:\Users\aruna\OneDrive
# environment
VSCODE_HANDLES_UNCAUGHT_ERRORS = true
# environment
USERDOMAIN = ARUN18ALIEN
# default
MAKE = $(MAKE_COMMAND)
# default
MAKECMDGOALS := all
# makefile (from `makefile', line 1)
CC = gcc
# default
MAKE_VERSION := 3.81
# makefile
.DEFAULT_GOAL := all
# environment
PROGRAMFILES(X86) = C:\Program Files (x86)
# automatic
%D = $(patsubst %/,%,$(dir $%))
# environment
LOCALAPPDATA = C:\Users\aruna\AppData\Local
# environment
PSMODULEPATH = C:\Program Files\WindowsPowerShell\Modules;C:\Windows\system32\WindowsPowerShell\v1.0\Modules
# default
MAKE_COMMAND := make.exe
# environment
PROCESSOR_ARCHITEW6432 = AMD64
# default
.VARIABLES := 
# automatic
*F = $(notdir $*)
# environment
PROCESSOR_IDENTIFIER = Intel64 Family 6 Model 183 Stepping 1, GenuineIntel
# environment
OS = Windows_NT
# environment
VSCODE_IPC_HOOK = \\.\pipe\62ac9241-1.93.1-main-sock
# environment
HOMEPATH = \Users\aruna
# environment
COMMONPROGRAMFILES(X86) = C:\Program Files (x86)\Common Files
# environment
PROMPT = $P$G
# environment
MFLAGS = -Rrqp
# automatic
*D = $(patsubst %/,%,$(dir $*)) 

# environment
SYSTEMROOT = C:\Windows
# automatic
+D = $(patsubst %/,%,$(dir $+))
# automatic
+F = $(notdir $+)
# environment
EFC_30608 = 1
# environment
APPDATA = C:\Users\aruna\AppData\Roaming
# environment
TEMP = C:\Users\aruna\AppData\Local\Temp
# environment
COMSPEC = C:\Windows\system32\cmd.exe
# default
MAKEFILES := 
# automatic
<F = $(notdir $<)
# environment
LC_ALL = C
# automatic
^F = $(notdir $^)
# default
SUFFIXES := 
# environment
SYSTEMDRIVE = C:
# environment
SESSIONNAME = Console
# environment
PROCESSOR_REVISION = b701
# environment
MAKELEVEL := 0
# environment
LANG = C
# environment
PROCESSOR_LEVEL = 6
# environment
VSCODE_PID = 27992
# makefile (from `makefile', line 4)
totalfiles = storage_mgr.c test_assign1_1.c dberror.c
# environment
USERDOMAIN_ROAMINGPROFILE = ARUN18ALIEN
# variable set hash-table stats:
# Load=92/1024=9%, Rehash=0, Collisions=9/116=8%

# Pattern-specific Variable Values

# No pattern-specific variable values.

# Directories

# C:\Program Files (x86)\ (key C:/Program Fi 
les (x86)/, mtime 1723223101): 55 files, no impossibilities.
# C:\Program Files\Oculus\Support\oculus-runtime (key C:/Program Files/Oculus/Support/oculus-runtime, mtime 1725596811): 44 files, no impossibilities.
# C:\Program Files (x86)\Scripts\ (key C:/Program Files (x86)/Scripts/, mtime 1712439874): 5 files, no impossibilities.
# C:\Program Files\Docker\Docker\resources\bin (key C:/Program Files/Docker/Docker/resources/bin, mtime 1710607508): 14 files, no impossibilities.
# C:\Program Files (x86)\Razer\ChromaBroadcast\bin (key C:/Program Files (x86)/Razer/ChromaBroadcast/bin, mtime 1720834106): 6 files, no impossibilities.
# C:\Program Files (x86)\Razer Chroma SDK\bin (key C:/Program Files (x86)/Razer Chroma SDK/bin, mtime 1726245019): 347 files, no impossibilities.
# C:\Windows\System32\WindowsPowerShell\v1.0\ (key C:/Windows/System32/WindowsPowerShell/v1.0/, mtime 1718302878): 29 files, no impossibilities.
# C:\Windows\System32\Wbem (key C:/Windows/System32/Wbem, mtime 1718302878): 153 files, no impossibilities.
# . (key c:/Users/aruna/Desktop/assign1_storage_manager, mtime 1726250679): 11 files, no impossibilities.
# C:\Program Files (x86)\NVIDIA Corporation\PhysX\Common (key C:/Program Files (x86)/NVIDIA Corporation/PhysX/Common, mtime 1696822906): 10 files, no impossibilities.
# C:\Program Files\dotnet\ (key C:/Program Files/dotnet/, mtime 1723222905): 8 files, no impossibilities.
# C:\Users\aruna\AppData\Local\Programs\Python\Launcher\ (key C:/Users/aruna/AppData/Local/Programs/Python/Launcher/, mtime 1 
709263987): 5 files, no impossibilities.
# C:\MinGW\bin (key C:/MinGW/bin, mtime 1726080175): 59 files, no impossibilities.
# C:\Users\aruna\AppData\Local\Programs\Microsoft VS Code\bin (key C:/Users/aruna/AppData/Local/Programs/Microsoft VS Code/bin, mtime 1726169708): 5 files, no impossibilities.
# C:\Users\aruna\AppData\Roaming\TinyTeX\bin\windows (key C:/Users/aruna/AppData/Roaming/TinyTeX/bin/windows, mtime 1725773495): 122 files, no impossibilities.
# C:\Windows\System32\OpenSSH\: could not be stat'd.
# C:\Program Files (x86)\MongoDB Atlas CLI\ (key C:/Program Files (x86)/MongoDB Atlas CLI/, mtime 1714605384): 4 files, no impossibilities.
# C:\Windows (key C:/Windows, mtime 1726104014): 126 files, no impossibilities.
# C:\Program Files\Razer\ChromaBroadcast\bin (key C:/Program Files/Razer/ChromaBroadcast/bin, mtime 1712188109): 5 files, no impossibilities.
# C:\Program Files\Razer Chroma SDK\bin (key C:/Program Files/Razer Chroma SDK/bin, mtime 1717842340): 6 files, no impossibilities.
# C:\Users\aruna\AppData\Local\Microsoft\WindowsApps (key C:/Users/aruna/AppData/Local/Microsoft/WindowsApps, mtime 1726115282): 55 files, no impossibilities.
# C:\Program Files (x86)\GnuWin32\src (key C:/Program Files (x86)/GnuWin32/src, mtime 1701658346): 3 files, no impossibilities.
# C:\Windows\system32\config\systemprofile\AppData\Local\Microsoft\WindowsApps: could not be stat'd.
# C:\Program Files\Git\cmd (key C:/Program Files/Git/cmd, mtime 1706154380): 12 files, no impossibilities.
# C:\Windows\system32 (key C:/Wind 
ows/system32, mtime 1726169358): 3009 files, no impossibilities.
# C:\Program Files\NVIDIA Corporation\NVIDIA NvDLISR (key C:/Program Files/NVIDIA Corporation/NVIDIA NvDLISR, mtime 1696823058): 5 files, no impossibilities.
# C:\Program Files\Wireshark (key C:/Program Files/Wireshark, mtime 1705441290): 3 files, no impossibilities.
# C:\Program Files (x86)\GnuWin32\bin (key C:/Program Files (x86)/GnuWin32/bin, mtime 1726081138): 11 files, no impossibilities.

# 4112 files, no impossibilities in 28 directories.

# Implicit Rules

%.o: %.c
#  commands to execute (from `makefile', line 21):
	$(CC) $(CFLAGS) -c $<
	@echo "****** Have run and compiled the files ******"
	

# 1 implicit rules, 0 (0.0%) terminal.

# Files

all: start outresult
#  Command-line target.
#  Implicit rule search has been done.
#  File does not exist.
#  File has been updated.
#  Needs to be updated (-q is set).
# variable set hash-table stats:
# Load=0/32=0%, Rehash=0, Collisions=0/2=0%

# Not a target:
test_assign1_1.o:
#  Implicit rule s 
earch has not been done.
#  Modification time never checked.
#  File has not been updated.

# Not a target:
.DEFAULT:
#  Implicit rule search has not been done.
#  Modification time never checked.
#  File has not been updated.

start:
#  Implicit rule search has not been done.
#  Implicit/static pattern stem: `'
#  File does not exist.
#  File has been updated.
#  Needs to be updated (-q is set).
# automatic
# @ := start
# automatic
# % := 
# automatic
# * := 
# automatic
# + := 
# automatic
# | := 
# automatic
# < := 
# automatic
# ^ := 
# automatic
# ? := 
# variable set hash-table stats:
# Load=8/32=25%, Rehash=0, Collisions=1/10=10%
#  commands to execute (from `makefile', line 9):
	@echo "***** The program is about to start executing ******"
	

# Not a target:
makefile:
#  Implicit rule search has been done.
#  Last modified 2024-09-13 14:18:53
#  File has been updated.
#  Successfully updated.
# variable set hash-table stats:
# Load=0/32=0%, Rehash=0, Collisions=0/0=0%

outresult: storage_mgr.o test_ass 
ign1_1.o dberror.o
#  Implicit rule search has not been done.
#  Modification time never checked.
#  File has not been updated.
#  commands to execute (from `makefile', line 16):
	$(CC) $(CFLAGS) $(tfiles) -o outresult
	@echo "The result file has been curated"
	@echo "*** The execution is completed ***"
	

# Not a target:
.SUFFIXES:
#  Implicit rule search has not been done.
#  Modification time never checked.
#  File has not been updated.

run:
#  Implicit rule search has not been done.
#  Modification time never checked.
#  File has not been updated.
#  commands to execute (from `makefile', line 12):
	@echo "Running the files"
	./outresult
	

clean:
#  Implicit rule search has not been done.
#  Modification time never checked.
#  File has not been updated.
#  commands to execute (from `makefile', line 25):
	del *.o outresult outresult.exe
	@echo "****** All the generated files have been removed/deleted ******"
	

# Not a target:
dberror.o:
#  Implicit rule search has not been done.
#  Modification time neve 
r checked.
#  File has not been updated.

# Not a target:
storage_mgr.o:
#  Implicit rule search has not been done.
#  Modification time never checked.
#  File has not been updated.

# files hash-table stats:
# Load=11/1024=1%, Rehash=0, Collisions=0/29=0%
# VPATH Search Paths

# No `vpath' search paths.

# No general (`VPATH' variable) search path.

# # of strings in strcache: 1
# # of strcache buffers: 1
# strcache size: total = 4096 / max = 4096 / min = 4096 / avg = 4096
# strcache free: total = 4087 / max = 4087 / min = 4087 / avg = 4087

# Finished Make data base on Fri Sep 13 14:19:23 2024

 
